<?xml version="1.0" encoding="UTF-8"?>
<!-- Generated by org.testng.reporters.JUnitReportReporter -->
<testsuite skipped="0" hostname="EPBYMINW3159" name="SinCalaculatorTest_14" tests="6" failures="0" timestamp="28 Jun 2018 08:11:02 GMT" time="0.000" errors="0">
  <testcase name="sinOneTest" time="0.000" classname="SinCalaculatorTest_14"/>
  <testcase name="sinOneTest" time="0.000" classname="SinCalaculatorTest_14"/>
  <testcase name="sinOneTest" time="0.000" classname="SinCalaculatorTest_14"/>
  <testcase name="sinOneTest" time="0.000" classname="SinCalaculatorTest_14"/>
  <testcase name="sinOneTest" time="0.000" classname="SinCalaculatorTest_14"/>
  <testcase name="sinOneTest" time="0.000" classname="SinCalaculatorTest_14"/>
</testsuite> <!-- SinCalaculatorTest_14 -->
