<?xml version="1.0" encoding="UTF-8"?>
<!-- Generated by org.testng.reporters.JUnitReportReporter -->
<testsuite skipped="0" hostname="EPBYMINW3159" name="com.epam.cdp.calculator.tests.SumLongCalculatorTest_01" tests="7" failures="0" timestamp="28 Jun 2018 19:15:53 GMT" time="14.022" errors="0">
  <testcase name="longOnePlusTwoTest" time="2.001" classname="com.epam.cdp.calculator.tests.SumLongCalculatorTest_01"/>
  <testcase name="longOnePlusTwoTest" time="2.000" classname="com.epam.cdp.calculator.tests.SumLongCalculatorTest_01"/>
  <testcase name="longOnePlusTwoTest" time="2.000" classname="com.epam.cdp.calculator.tests.SumLongCalculatorTest_01"/>
  <testcase name="longOnePlusTwoTest" time="2.001" classname="com.epam.cdp.calculator.tests.SumLongCalculatorTest_01"/>
  <testcase name="longOnePlusTwoTest" time="2.017" classname="com.epam.cdp.calculator.tests.SumLongCalculatorTest_01"/>
  <testcase name="longOnePlusTwoTest" time="2.001" classname="com.epam.cdp.calculator.tests.SumLongCalculatorTest_01"/>
  <testcase name="longOnePlusTwoTest" time="2.002" classname="com.epam.cdp.calculator.tests.SumLongCalculatorTest_01"/>
</testsuite> <!-- com.epam.cdp.calculator.tests.SumLongCalculatorTest_01 -->
