<?xml version="1.0" encoding="UTF-8"?>
<!-- Generated by org.testng.reporters.JUnitReportReporter -->
<testsuite skipped="0" hostname="EPBYMINW3159" name="com.epam.cdp.calculator.tests.SinCalaculatorTest_14" tests="6" failures="0" timestamp="28 Jun 2018 11:08:23 GMT" time="12.053" errors="0">
  <testcase name="sinOneTest" time="2.015" classname="com.epam.cdp.calculator.tests.SinCalaculatorTest_14"/>
  <testcase name="sinOneTest" time="2.005" classname="com.epam.cdp.calculator.tests.SinCalaculatorTest_14"/>
  <testcase name="sinOneTest" time="2.014" classname="com.epam.cdp.calculator.tests.SinCalaculatorTest_14"/>
  <testcase name="sinOneTest" time="2.008" classname="com.epam.cdp.calculator.tests.SinCalaculatorTest_14"/>
  <testcase name="sinOneTest" time="2.008" classname="com.epam.cdp.calculator.tests.SinCalaculatorTest_14"/>
  <testcase name="sinOneTest" time="2.003" classname="com.epam.cdp.calculator.tests.SinCalaculatorTest_14"/>
</testsuite> <!-- com.epam.cdp.calculator.tests.SinCalaculatorTest_14 -->
