<?xml version="1.0" encoding="UTF-8"?>
<!-- Generated by org.testng.reporters.JUnitReportReporter -->
<testsuite skipped="0" hostname="EPBYMINW3159" name="com.epam.cdp.calculator.tests.SubDoubleCalculatorTest_04" tests="8" failures="0" timestamp="28 Jun 2018 19:15:53 GMT" time="16.020" errors="0">
  <testcase name="doubleOneSubTwoTest" time="2.002" classname="com.epam.cdp.calculator.tests.SubDoubleCalculatorTest_04"/>
  <testcase name="doubleOneSubTwoTest" time="2.001" classname="com.epam.cdp.calculator.tests.SubDoubleCalculatorTest_04"/>
  <testcase name="doubleOneSubTwoTest" time="2.001" classname="com.epam.cdp.calculator.tests.SubDoubleCalculatorTest_04"/>
  <testcase name="doubleOneSubTwoTest" time="2.015" classname="com.epam.cdp.calculator.tests.SubDoubleCalculatorTest_04"/>
  <testcase name="doubleOneSubTwoTest" time="2.000" classname="com.epam.cdp.calculator.tests.SubDoubleCalculatorTest_04"/>
  <testcase name="doubleOneSubTwoTest" time="2.000" classname="com.epam.cdp.calculator.tests.SubDoubleCalculatorTest_04"/>
  <testcase name="doubleOneSubTwoTest" time="2.000" classname="com.epam.cdp.calculator.tests.SubDoubleCalculatorTest_04"/>
  <testcase name="doubleOneSubTwoTest" time="2.001" classname="com.epam.cdp.calculator.tests.SubDoubleCalculatorTest_04"/>
</testsuite> <!-- com.epam.cdp.calculator.tests.SubDoubleCalculatorTest_04 -->
